Arguments: 
  /usr/local/bin/node /usr/local/Cellar/yarn/1.9.4/libexec/bin/yarn.js

PATH: 
  /Users/adamcooper/.cargo/bin:/usr/local/opt/sqlite/bin:/usr/local/opt/postgresql@9.6/bin:/usr/local/gradle-2.10/bin:/Users/adamcooper/Library/Android/sdk/platform-tools:/usr/local/heroku/bin:/Users/adamcooper/.rbenv/shims:/Users/adamcooper/.rbenv/bin:/usr/local/bin:/usr/local/phantomjs-2.1.1-macosx/bin:~/bin:/usr/local/bin:/usr/bin:/bin:/usr/sbin:/sbin:/usr/local/MacGPG2/bin:/opt/X11/bin:/usr/local/bin

Yarn version: 
  1.9.4

Node version: 
  10.3.0

Platform: 
  darwin x64

Trace: 
  SyntaxError: /Users/adamcooper/code/react-stalker/client/package.json: Unexpected token } in JSON at position 574
      at JSON.parse (<anonymous>)
      at /usr/local/Cellar/yarn/1.9.4/libexec/lib/cli.js:1130:59
      at Generator.next (<anonymous>)
      at step (/usr/local/Cellar/yarn/1.9.4/libexec/lib/cli.js:92:30)
      at /usr/local/Cellar/yarn/1.9.4/libexec/lib/cli.js:103:13

npm manifest: 
  {
    "name": "react-stalker-client",
    "version": "0.1.0",
    "private": true,
    "dependencies": {
      "react": "^15.6.1",
      "react-dom": "^15.6.1"
    },
    "devDependencies": {
      "babel-loader": "^8.0.0",
      "babel-preset-es2015": "^6.24.1",
      "babel-preset-react": "^6.24.1",
      "react-scripts": "1.0.13",
      "webpack": "^4.17.1",
      "webpack-cli": "^3.1.0",
      "webpack-dev-server": "^3.1.7"
    },
    "peerDependencies": {
      "babel-core": "^6.26.3"
    },
    "scripts": {
      "serve-client": "webpack-dev-server --display-error-details --config webpack.config.js",
    }
  }

yarn manifest: 
  No manifest

Lockfile: 
  No lockfile
